0 info it worked if it ends with ok
1 verbose cli [ 'C:\\Program Files\\nodejs\\\\node.exe',
1 verbose cli   'C:\\Program Files\\nodejs\\node_modules\\npm\\bin\\npm-cli.js',
1 verbose cli   'update',
1 verbose cli   'cordova' ]
2 info using npm@1.4.9
3 info using node@v0.10.28
4 verbose node symlink C:\Program Files\nodejs\\node.exe
5 info outdated updating []
6 error Failed to parse json
6 error Unexpected end of input
7 error File: C:\Users\Yasen\Documents\GitHub\YourFood.MobileHybridClient\node_modules\gulp-minify-css\node_modules\gulp-util\node_modules\lodash.template\node_modules\lodash.escape\node_modules\lodash._reunescapedhtml\package.json
8 error Failed to parse package.json data.
8 error package.json must be actual JSON, not just JavaScript.
8 error
8 error This is not a bug in npm.
8 error Tell the package author to fix their package.json file. JSON.parse
9 error System Windows_NT 6.2.9200
10 error command "C:\\Program Files\\nodejs\\\\node.exe" "C:\\Program Files\\nodejs\\node_modules\\npm\\bin\\npm-cli.js" "update" "cordova"
11 error cwd C:\Users\Yasen\Documents\GitHub\YourFood.MobileHybridClient
12 error node -v v0.10.28
13 error npm -v 1.4.9
14 error file C:\Users\Yasen\Documents\GitHub\YourFood.MobileHybridClient\node_modules\gulp-minify-css\node_modules\gulp-util\node_modules\lodash.template\node_modules\lodash.escape\node_modules\lodash._reunescapedhtml\package.json
15 error code EJSONPARSE
16 verbose exit [ 1, true ]
